#
# There is insufficient memory for the Java Runtime Environment to continue.
# Native memory allocation (malloc) failed to allocate 1313616 bytes. Error detail: Chunk::new
# Possible reasons:
#   The system is out of physical RAM or swap space
#   This process is running with CompressedOops enabled, and the Java Heap may be blocking the growth of the native heap
# Possible solutions:
#   Reduce memory load on the system
#   Increase physical memory or swap space
#   Check if swap backing store is full
#   Decrease Java heap size (-Xmx/-Xms)
#   Decrease number of Java threads
#   Decrease Java thread stack sizes (-Xss)
#   Set larger code cache with -XX:ReservedCodeCacheSize=
#   JVM is running with Zero Based Compressed Oops mode in which the Java heap is
#     placed in the first 32GB address space. The Java Heap base address is the
#     maximum limit for the native heap growth. Please use -XX:HeapBaseMinAddress
#     to set the Java Heap base and to place the Java Heap above 32GB virtual address.
# This output file may be truncated or incomplete.
#
#  Out of Memory Error (arena.cpp:191), pid=40336, tid=48868
#
# JRE version: OpenJDK Runtime Environment Corretto-17.0.13.11.1 (17.0.13+11) (build 17.0.13+11-LTS)
# Java VM: OpenJDK 64-Bit Server VM Corretto-17.0.13.11.1 (17.0.13+11-LTS, mixed mode, sharing, tiered, compressed oops, compressed class ptrs, g1 gc, windows-amd64)
# No core dump will be written. Minidumps are not enabled by default on client versions of Windows
#

---------------  S U M M A R Y ------------

Command Line: -javaagent:C:\Program Files\JetBrains\IntelliJ IDEA Community Edition 2024.3.3\lib\idea_rt.jar=63245 -Dfile.encoding=UTF-8 com.healthcare.api_gateway.ApiGatewayApplication

Host: AMD Ryzen 7 5800H with Radeon Graphics         , 16 cores, 31G,  Windows 11 , 64 bit Build 26100 (10.0.26100.7309)
Time: Tue Jan 27 08:48:49 2026  Windows 11 , 64 bit Build 26100 (10.0.26100.7309) elapsed time: 43144.138670 seconds (0d 11h 59m 4s)

---------------  T H R E A D  ---------------

Current thread (0x00000244c25a0fb0):  JavaThread "C2 CompilerThread0" daemon [_thread_in_native, id=48868, stack(0x0000006266100000,0x0000006266200000)]


Current CompileTask:
C2:43144139 10148       4       org.springframework.boot.context.properties.bind.validation.ValidationBindHandler::onStart (23 bytes)

Stack: [0x0000006266100000,0x0000006266200000]
Native frames: (J=compiled Java code, j=interpreted, Vv=VM code, C=native code)
V  [jvm.dll+0x680c19]
V  [jvm.dll+0x83888a]
V  [jvm.dll+0x83a34e]
V  [jvm.dll+0x83a9b3]
V  [jvm.dll+0x2481af]
V  [jvm.dll+0xac9f4]
V  [jvm.dll+0xad03c]
V  [jvm.dll+0x2af7df]
V  [jvm.dll+0x587047]
V  [jvm.dll+0x223012]
V  [jvm.dll+0x21c1cf]
V  [jvm.dll+0x219a31]
V  [jvm.dll+0x1a58ed]
V  [jvm.dll+0x22988d]
V  [jvm.dll+0x227a1c]
V  [jvm.dll+0x7ed737]
V  [jvm.dll+0x7e7b2c]
V  [jvm.dll+0x67fae7]
C  [ucrtbase.dll+0x37b0]
C  [KERNEL32.DLL+0x2e8d7]
C  [ntdll.dll+0x8c53c]


---------------  P R O C E S S  ---------------

Threads class SMR info:
_java_thread_list=0x000002450e7c5460, length=44, elements={
0x00000244c25828b0, 0x00000244c2585a90, 0x00000244c2599150, 0x00000244c259db20,
0x00000244c259e8f0, 0x00000244c259f2b0, 0x00000244c25a0fb0, 0x00000244c25acec0,
0x00000244c25bd8d0, 0x00000244c5525d70, 0x000002450b071df0, 0x000002450b0722d0,
0x000002450b5f4940, 0x000002450b6ca8e0, 0x000002450b6c9ec0, 0x000002450b6ca3d0,
0x0000024511d29970, 0x0000024511d28020, 0x0000024511d29e80, 0x0000024511d2a390,
0x0000024511d28a40, 0x0000024511d2c700, 0x0000024511d2adb0, 0x0000024511d2b7d0,
0x0000024511d2bce0, 0x0000024511d28f50, 0x0000024511d2cc10, 0x0000024511d29460,
0x0000024511d2d120, 0x0000024511d2d630, 0x0000024511d2e050, 0x0000024511d2f9a0,
0x0000024511d2ea70, 0x0000024511d2db40, 0x0000024511d2e560, 0x0000024511d2ef80,
0x0000024511d2f490, 0x000002450ec93670, 0x000002450ec93160, 0x000002450ec92230,
0x000002450ec92740, 0x000002450ec93b80, 0x000002450ec94090, 0x000002450ec91d20
}

Java Threads: ( => current thread )
  0x00000244c25828b0 JavaThread "Reference Handler" daemon [_thread_blocked, id=26916, stack(0x0000006265b00000,0x0000006265c00000)]
  0x00000244c2585a90 JavaThread "Finalizer" daemon [_thread_blocked, id=30228, stack(0x0000006265c00000,0x0000006265d00000)]
  0x00000244c2599150 JavaThread "Signal Dispatcher" daemon [_thread_blocked, id=45088, stack(0x0000006265d00000,0x0000006265e00000)]
  0x00000244c259db20 JavaThread "Attach Listener" daemon [_thread_blocked, id=23340, stack(0x0000006265e00000,0x0000006265f00000)]
  0x00000244c259e8f0 JavaThread "Service Thread" daemon [_thread_blocked, id=37056, stack(0x0000006265f00000,0x0000006266000000)]
  0x00000244c259f2b0 JavaThread "Monitor Deflation Thread" daemon [_thread_blocked, id=14820, stack(0x0000006266000000,0x0000006266100000)]
=>0x00000244c25a0fb0 JavaThread "C2 CompilerThread0" daemon [_thread_in_native, id=48868, stack(0x0000006266100000,0x0000006266200000)]
  0x00000244c25acec0 JavaThread "C1 CompilerThread0" daemon [_thread_blocked, id=15488, stack(0x0000006266200000,0x0000006266300000)]
  0x00000244c25bd8d0 JavaThread "Sweeper thread" daemon [_thread_blocked, id=44220, stack(0x0000006266300000,0x0000006266400000)]
  0x00000244c5525d70 JavaThread "Common-Cleaner" daemon [_thread_blocked, id=19484, stack(0x0000006266400000,0x0000006266500000)]
  0x000002450b071df0 JavaThread "Monitor Ctrl-Break" daemon [_thread_in_native, id=16160, stack(0x0000006266700000,0x0000006266800000)]
  0x000002450b0722d0 JavaThread "Notification Thread" daemon [_thread_blocked, id=37780, stack(0x0000006266800000,0x0000006266900000)]
  0x000002450b5f4940 JavaThread "boundedElastic-evictor-1" daemon [_thread_blocked, id=62028, stack(0x0000006266c00000,0x0000006266d00000)]
  0x000002450b6ca8e0 JavaThread "Thread-2" daemon [_thread_in_native, id=30620, stack(0x0000006268000000,0x0000006268100000)]
  0x000002450b6c9ec0 JavaThread "lettuce-timer-4-1" daemon [_thread_blocked, id=58836, stack(0x0000006266d00000,0x0000006266e00000)]
  0x000002450b6ca3d0 JavaThread "spectator-gauge-polling-0" daemon [_thread_blocked, id=11120, stack(0x0000006268500000,0x0000006268600000)]
  0x0000024511d29970 JavaThread "AsyncResolver-bootstrap-%d" daemon [_thread_blocked, id=58264, stack(0x0000006268600000,0x0000006268700000)]
  0x0000024511d28020 JavaThread "DiscoveryClient-%d" daemon [_thread_blocked, id=58904, stack(0x0000006268300000,0x0000006268400000)]
  0x0000024511d29e80 JavaThread "DiscoveryClient-%d" daemon [_thread_blocked, id=29332, stack(0x0000006268700000,0x0000006268800000)]
  0x0000024511d2a390 JavaThread "DiscoveryClient-InstanceInfoReplicator-%d" daemon [_thread_blocked, id=59992, stack(0x0000006268800000,0x0000006268900000)]
  0x0000024511d28a40 JavaThread "reactor-http-nio-1" daemon [_thread_in_native, id=17540, stack(0x0000006268200000,0x0000006268300000)]
  0x0000024511d2c700 JavaThread "server" [_thread_blocked, id=57116, stack(0x0000006268900000,0x0000006268a00000)]
  0x0000024511d2adb0 JavaThread "DestroyJavaVM" [_thread_blocked, id=24500, stack(0x0000006265400000,0x0000006265500000)]
  0x0000024511d2b7d0 JavaThread "reactor-http-nio-2" daemon [_thread_in_native, id=46988, stack(0x0000006266b00000,0x0000006266c00000)]
  0x0000024511d2bce0 JavaThread "reactor-http-nio-3" daemon [_thread_in_native, id=58856, stack(0x0000006267f00000,0x0000006268000000)]
  0x0000024511d28f50 JavaThread "lettuce-nioEventLoop-5-1" daemon [_thread_in_native, id=30356, stack(0x0000006268d00000,0x0000006268e00000)]
  0x0000024511d2cc10 JavaThread "parallel-1" daemon [_thread_blocked, id=41300, stack(0x0000006268c00000,0x0000006268d00000)]
  0x0000024511d29460 JavaThread "pool-6-thread-1" daemon [_thread_blocked, id=36632, stack(0x0000006268e00000,0x0000006268f00000)]
  0x0000024511d2d120 JavaThread "reactor-http-nio-4" daemon [_thread_in_native, id=54840, stack(0x0000006268f00000,0x0000006269000000)]
  0x0000024511d2d630 JavaThread "reactor-http-nio-5" daemon [_thread_in_native, id=20060, stack(0x0000006269000000,0x0000006269100000)]
  0x0000024511d2e050 JavaThread "reactor-http-nio-6" daemon [_thread_in_native, id=43604, stack(0x0000006269100000,0x0000006269200000)]
  0x0000024511d2f9a0 JavaThread "reactor-http-nio-7" daemon [_thread_in_native, id=28752, stack(0x0000006269200000,0x0000006269300000)]
  0x0000024511d2ea70 JavaThread "reactor-http-nio-8" daemon [_thread_in_native, id=32792, stack(0x0000006269300000,0x0000006269400000)]
  0x0000024511d2db40 JavaThread "reactor-http-nio-9" daemon [_thread_in_native, id=21272, stack(0x0000006269400000,0x0000006269500000)]
  0x0000024511d2e560 JavaThread "reactor-http-nio-10" daemon [_thread_in_native, id=48380, stack(0x0000006269500000,0x0000006269600000)]
  0x0000024511d2ef80 JavaThread "reactor-http-nio-11" daemon [_thread_in_native, id=57352, stack(0x0000006269600000,0x0000006269700000)]
  0x0000024511d2f490 JavaThread "reactor-http-nio-12" daemon [_thread_in_native, id=43936, stack(0x0000006269700000,0x0000006269800000)]
  0x000002450ec93670 JavaThread "reactor-http-nio-13" daemon [_thread_in_native, id=28504, stack(0x0000006269800000,0x0000006269900000)]
  0x000002450ec93160 JavaThread "reactor-http-nio-14" daemon [_thread_in_native, id=48464, stack(0x0000006269900000,0x0000006269a00000)]
  0x000002450ec92230 JavaThread "reactor-http-nio-15" daemon [_thread_in_native, id=51604, stack(0x0000006269a00000,0x0000006269b00000)]
  0x000002450ec92740 JavaThread "reactor-http-nio-16" daemon [_thread_in_native, id=15260, stack(0x0000006269b00000,0x0000006269c00000)]
  0x000002450ec93b80 JavaThread "DiscoveryClient-HeartbeatExecutor-%d" daemon [_thread_blocked, id=21712, stack(0x0000006266500000,0x0000006266600000)]
  0x000002450ec94090 JavaThread "DiscoveryClient-CacheRefreshExecutor-%d" daemon [_thread_blocked, id=40520, stack(0x0000006266600000,0x0000006266700000)]
  0x000002450ec91d20 JavaThread "AsyncResolver-bootstrap-executor-%d" daemon [_thread_blocked, id=23544, stack(0x0000006265200000,0x0000006265300000)]

Other Threads:
  0x00000244c257c360 VMThread "VM Thread" [stack: 0x0000006265a00000,0x0000006265b00000] [id=47620]
  0x00000244c575b520 WatcherThread [stack: 0x0000006266900000,0x0000006266a00000] [id=32528]
  0x00000244c23ffc50 GCTaskThread "GC Thread#0" [stack: 0x0000006265500000,0x0000006265600000] [id=58528]
  0x000002450b5f4e60 GCTaskThread "GC Thread#1" [stack: 0x0000006266e00000,0x0000006266f00000] [id=11844]
  0x000002450b795230 GCTaskThread "GC Thread#2" [stack: 0x0000006266f00000,0x0000006267000000] [id=62100]
  0x000002450b84d010 GCTaskThread "GC Thread#3" [stack: 0x0000006267000000,0x0000006267100000] [id=2896]
  0x000002450badab00 GCTaskThread "GC Thread#4" [stack: 0x0000006267100000,0x0000006267200000] [id=32304]
  0x000002450c8d09a0 GCTaskThread "GC Thread#5" [stack: 0x0000006267200000,0x0000006267300000] [id=58492]
  0x000002450c8d0c60 GCTaskThread "GC Thread#6" [stack: 0x0000006267300000,0x0000006267400000] [id=48388]
  0x000002450c3ac3e0 GCTaskThread "GC Thread#7" [stack: 0x0000006267400000,0x0000006267500000] [id=3044]
  0x000002450c9d9a70 GCTaskThread "GC Thread#8" [stack: 0x0000006267500000,0x0000006267600000] [id=9400]
  0x000002450c9d9d30 GCTaskThread "GC Thread#9" [stack: 0x0000006267600000,0x0000006267700000] [id=19884]
  0x000002450c3ac6a0 GCTaskThread "GC Thread#10" [stack: 0x0000006267700000,0x0000006267800000] [id=31592]
  0x000002450c3ac960 GCTaskThread "GC Thread#11" [stack: 0x0000006267800000,0x0000006267900000] [id=60120]
  0x000002450c94d3b0 GCTaskThread "GC Thread#12" [stack: 0x0000006267c00000,0x0000006267d00000] [id=8268]
  0x000002449648e9e0 ConcurrentGCThread "G1 Main Marker" [stack: 0x0000006265600000,0x0000006265700000] [id=35000]
  0x00000244986abbd0 ConcurrentGCThread "G1 Conc#0" [stack: 0x0000006265700000,0x0000006265800000] [id=25160]
  0x000002450c987f00 ConcurrentGCThread "G1 Conc#1" [stack: 0x0000006267d00000,0x0000006267e00000] [id=17676]
  0x000002450d44e580 ConcurrentGCThread "G1 Conc#2" [stack: 0x0000006267e00000,0x0000006267f00000] [id=19340]
  0x00000244c2513710 ConcurrentGCThread "G1 Refine#0" [stack: 0x0000006265800000,0x0000006265900000] [id=15576]
  0x000002450bce6b00 ConcurrentGCThread "G1 Refine#1" [stack: 0x0000006267900000,0x0000006267a00000] [id=37876]
  0x000002450ba86460 ConcurrentGCThread "G1 Refine#2" [stack: 0x0000006267a00000,0x0000006267b00000] [id=29288]
  0x00000244c2513fe0 ConcurrentGCThread "G1 Service" [stack: 0x0000006265900000,0x0000006265a00000] [id=18344]

Threads with active compile tasks:
C2 CompilerThread0  43144199 10148       4       org.springframework.boot.context.properties.bind.validation.ValidationBindHandler::onStart (23 bytes)

VM state: not at safepoint (normal execution)

VM Mutex/Monitor currently owned by a thread: None

Heap address: 0x000000060a400000, size: 8028 MB, Compressed Oops mode: Zero based, Oop shift amount: 3

CDS archive(s) mapped at: [0x00000244c6000000-0x00000244c6bb0000-0x00000244c6bb0000), size 12255232, SharedBaseAddress: 0x00000244c6000000, ArchiveRelocationMode: 1.
Compressed class space mapped at: 0x00000244c7000000-0x0000024507000000, reserved size: 1073741824
Narrow klass base: 0x00000244c6000000, Narrow klass shift: 0, Narrow klass range: 0x100000000

GC Precious Log:
 CPUs: 16 total, 16 available
 Memory: 32104M
 Large Page Support: Disabled
 NUMA Support: Disabled
 Compressed Oops: Enabled (Zero based)
 Heap Region Size: 4M
 Heap Min Capacity: 8M
 Heap Initial Capacity: 504M
 Heap Max Capacity: 8028M
 Pre-touch: Disabled
 Parallel Workers: 13
 Concurrent Workers: 3
 Concurrent Refinement Workers: 13
 Periodic GC: Disabled

Heap:
 garbage-first heap   total 163840K, used 89512K [0x000000060a400000, 0x0000000800000000)
  region size 4096K, 14 young (57344K), 1 survivors (4096K)
 Metaspace       used 69621K, committed 70272K, reserved 1114112K
  class space    used 9097K, committed 9408K, reserved 1048576K

Heap Regions: E=young(eden), S=young(survivor), O=old, HS=humongous(starts), HC=humongous(continues), CS=collection set, F=free, OA=open archive, CA=closed archive, TAMS=top-at-mark-start (previous, next)
|   0|0x000000060a400000, 0x000000060a800000, 0x000000060a800000|100%| O|  |TAMS 0x000000060a800000, 0x000000060a400000| Untracked 
|   1|0x000000060a800000, 0x000000060ac00000, 0x000000060ac00000|100%| O|  |TAMS 0x000000060ac00000, 0x000000060a800000| Untracked 
|   2|0x000000060ac00000, 0x000000060b000000, 0x000000060b000000|100%| O|  |TAMS 0x000000060b000000, 0x000000060ac00000| Untracked 
|   3|0x000000060b000000, 0x000000060b400000, 0x000000060b400000|100%| O|  |TAMS 0x000000060b400000, 0x000000060b000000| Untracked 
|   4|0x000000060b400000, 0x000000060b800000, 0x000000060b800000|100%| O|  |TAMS 0x000000060b800000, 0x000000060b400000| Untracked 
|   5|0x000000060b800000, 0x000000060b800000, 0x000000060bc00000|  0%| F|  |TAMS 0x000000060b800000, 0x000000060b800000| Untracked 
|   6|0x000000060bc00000, 0x000000060c000000, 0x000000060c000000|100%| O|  |TAMS 0x000000060bc00000, 0x000000060bc00000| Untracked 
|   7|0x000000060c000000, 0x000000060c400000, 0x000000060c400000|100%| O|  |TAMS 0x000000060c000000, 0x000000060c000000| Untracked 
|   8|0x000000060c400000, 0x000000060c800000, 0x000000060c800000|100%| O|  |TAMS 0x000000060c800000, 0x000000060c400000| Untracked 
|   9|0x000000060c800000, 0x000000060cc00000, 0x000000060cc00000|100%| O|  |TAMS 0x000000060c800000, 0x000000060c800000| Untracked 
|  10|0x000000060cc00000, 0x000000060ce3d000, 0x000000060d000000| 55%| O|  |TAMS 0x000000060cc00000, 0x000000060cc00000| Untracked 
|  11|0x000000060d000000, 0x000000060d000000, 0x000000060d400000|  0%| F|  |TAMS 0x000000060d000000, 0x000000060d000000| Untracked 
|  12|0x000000060d400000, 0x000000060d400000, 0x000000060d800000|  0%| F|  |TAMS 0x000000060d400000, 0x000000060d400000| Untracked 
|  13|0x000000060d800000, 0x000000060d800000, 0x000000060dc00000|  0%| F|  |TAMS 0x000000060d800000, 0x000000060d800000| Untracked 
|  14|0x000000060dc00000, 0x000000060dc00000, 0x000000060e000000|  0%| F|  |TAMS 0x000000060dc00000, 0x000000060dc00000| Untracked 
|  15|0x000000060e000000, 0x000000060e000000, 0x000000060e400000|  0%| F|  |TAMS 0x000000060e000000, 0x000000060e000000| Untracked 
|  16|0x000000060e400000, 0x000000060e400000, 0x000000060e800000|  0%| F|  |TAMS 0x000000060e400000, 0x000000060e400000| Untracked 
|  17|0x000000060e800000, 0x000000060e800000, 0x000000060ec00000|  0%| F|  |TAMS 0x000000060e800000, 0x000000060e800000| Untracked 
|  18|0x000000060ec00000, 0x000000060ec00000, 0x000000060f000000|  0%| F|  |TAMS 0x000000060ec00000, 0x000000060ec00000| Untracked 
|  19|0x000000060f000000, 0x000000060f000000, 0x000000060f400000|  0%| F|  |TAMS 0x000000060f000000, 0x000000060f000000| Untracked 
|  20|0x000000060f400000, 0x000000060f400000, 0x000000060f800000|  0%| F|  |TAMS 0x000000060f400000, 0x000000060f400000| Untracked 
|  21|0x000000060f800000, 0x000000060f800000, 0x000000060fc00000|  0%| F|  |TAMS 0x000000060f800000, 0x000000060f800000| Untracked 
|  22|0x000000060fc00000, 0x000000060fc00000, 0x0000000610000000|  0%| F|  |TAMS 0x000000060fc00000, 0x000000060fc00000| Untracked 
|  23|0x0000000610000000, 0x0000000610000000, 0x0000000610400000|  0%| F|  |TAMS 0x0000000610000000, 0x0000000610000000| Untracked 
|  24|0x0000000610400000, 0x0000000610400000, 0x0000000610800000|  0%| F|  |TAMS 0x0000000610400000, 0x0000000610400000| Untracked 
|  25|0x0000000610800000, 0x0000000610800000, 0x0000000610c00000|  0%| F|  |TAMS 0x0000000610800000, 0x0000000610800000| Untracked 
|  26|0x0000000610c00000, 0x0000000610cada98, 0x0000000611000000| 16%| E|  |TAMS 0x0000000610c00000, 0x0000000610c00000| Complete 
|  27|0x0000000611000000, 0x0000000611400000, 0x0000000611400000|100%| E|CS|TAMS 0x0000000611000000, 0x0000000611000000| Complete 
|  28|0x0000000611400000, 0x0000000611800000, 0x0000000611800000|100%| E|CS|TAMS 0x0000000611400000, 0x0000000611400000| Complete 
|  29|0x0000000611800000, 0x0000000611c00000, 0x0000000611c00000|100%| E|CS|TAMS 0x0000000611800000, 0x0000000611800000| Complete 
|  30|0x0000000611c00000, 0x0000000612000000, 0x0000000612000000|100%| E|CS|TAMS 0x0000000611c00000, 0x0000000611c00000| Complete 
|  31|0x0000000612000000, 0x0000000612400000, 0x0000000612400000|100%| E|CS|TAMS 0x0000000612000000, 0x0000000612000000| Complete 
|  32|0x0000000612400000, 0x0000000612800000, 0x0000000612800000|100%| E|CS|TAMS 0x0000000612400000, 0x0000000612400000| Complete 
|  33|0x0000000612800000, 0x0000000612c00000, 0x0000000612c00000|100%| E|CS|TAMS 0x0000000612800000, 0x0000000612800000| Complete 
|  34|0x0000000612c00000, 0x0000000613000000, 0x0000000613000000|100%| E|CS|TAMS 0x0000000612c00000, 0x0000000612c00000| Complete 
|  39|0x0000000614000000, 0x0000000614400000, 0x0000000614400000|100%| E|CS|TAMS 0x0000000614000000, 0x0000000614000000| Complete 
|  40|0x0000000614400000, 0x0000000614800000, 0x0000000614800000|100%| E|CS|TAMS 0x0000000614400000, 0x0000000614400000| Complete 
|  41|0x0000000614800000, 0x0000000614c00000, 0x0000000614c00000|100%| E|CS|TAMS 0x0000000614800000, 0x0000000614800000| Complete 
| 117|0x0000000627800000, 0x000000062792d0e0, 0x0000000627c00000| 29%| S|CS|TAMS 0x0000000627800000, 0x0000000627800000| Complete 
| 125|0x0000000629800000, 0x0000000629c00000, 0x0000000629c00000|100%| E|CS|TAMS 0x0000000629800000, 0x0000000629800000| Complete 

Card table byte_map: [0x00000244b0980000,0x00000244b1930000] _byte_map_base: 0x00000244ad92e000

Marking Bits (Prev, Next): (CMBitMap*) 0x00000244986a2030, (CMBitMap*) 0x00000244986a1ff0
 Prev Bits: [0x00000244ba650000, 0x00000244c23c0000)
 Next Bits: [0x00000244b28e0000, 0x00000244ba650000)

Polling page: 0x0000024496560000

Metaspace:

Usage:
  Non-class:     59.11 MB used.
      Class:      8.88 MB used.
       Both:     67.99 MB used.

Virtual space:
  Non-class space:       64.00 MB reserved,      59.44 MB ( 93%) committed,  1 nodes.
      Class space:        1.00 GB reserved,       9.19 MB ( <1%) committed,  1 nodes.
             Both:        1.06 GB reserved,      68.62 MB (  6%) committed. 

Chunk freelists:
   Non-Class:  3.86 MB
       Class:  6.78 MB
        Both:  10.64 MB

MaxMetaspaceSize: unlimited
CompressedClassSpaceSize: 1.00 GB
Initial GC threshold: 21.00 MB
Current GC threshold: 98.88 MB
CDS: on
MetaspaceReclaimPolicy: balanced
 - commit_granule_bytes: 65536.
 - commit_granule_words: 8192.
 - virtual_space_node_default_size: 8388608.
 - enlarge_chunks_in_place: 1.
 - new_chunks_are_fully_committed: 0.
 - uncommit_free_chunks: 1.
 - use_allocation_guard: 0.
 - handle_deallocations: 1.


Internal statistics:

num_allocs_failed_limit: 12.
num_arena_births: 824.
num_arena_deaths: 0.
num_vsnodes_births: 2.
num_vsnodes_deaths: 0.
num_space_committed: 1098.
num_space_uncommitted: 0.
num_chunks_returned_to_freelist: 12.
num_chunks_taken_from_freelist: 3428.
num_chunk_merges: 6.
num_chunk_splits: 2340.
num_chunks_enlarged: 1784.
num_inconsistent_stats: 0.

CodeHeap 'non-profiled nmethods': size=119168Kb used=6334Kb max_used=6334Kb free=112833Kb
 bounds [0x00000244a7cf0000, 0x00000244a8320000, 0x00000244af150000]
CodeHeap 'profiled nmethods': size=119104Kb used=18725Kb max_used=18725Kb free=100378Kb
 bounds [0x00000244a0150000, 0x00000244a13a0000, 0x00000244a75a0000]
CodeHeap 'non-nmethods': size=7488Kb used=1347Kb max_used=3056Kb free=6140Kb
 bounds [0x00000244a75a0000, 0x00000244a78b0000, 0x00000244a7cf0000]
 total_blobs=9558 nmethods=8874 adapters=596
 compilation: enabled
              stopped_count=0, restarted_count=0
 full_count=0

Compilation events (20 events):
Event: 43082.928 Thread 0x00000244c25a0fb0 nmethod 10139 0x00000244a8319890 code [0x00000244a8319a20, 0x00000244a8319b98]
Event: 43084.116 Thread 0x00000244c25acec0 10140       3       org.springframework.util.UnmodifiableMultiValueMap::isEmpty (10 bytes)
Event: 43084.116 Thread 0x00000244c25acec0 nmethod 10140 0x00000244a1397510 code [0x00000244a13976c0, 0x00000244a13978a8]
Event: 43094.140 Thread 0x00000244c25a0fb0 10141       4       java.nio.CharBuffer::arrayOffset (35 bytes)
Event: 43094.141 Thread 0x00000244c25a0fb0 nmethod 10141 0x00000244a8319d90 code [0x00000244a8319f00, 0x00000244a8319fb8]
Event: 43104.164 Thread 0x00000244c25acec0 10142       3       java.lang.AbstractStringBuilder::indexOf (18 bytes)
Event: 43104.164 Thread 0x00000244c25acec0 nmethod 10142 0x00000244a1397990 code [0x00000244a1397b20, 0x00000244a1397c88]
Event: 43112.945 Thread 0x00000244c25acec0 10143       3       java.util.zip.Inflater::<init> (28 bytes)
Event: 43112.945 Thread 0x00000244c25acec0 nmethod 10143 0x00000244a1397d10 code [0x00000244a1397f00, 0x00000244a13983f8]
Event: 43112.950 Thread 0x00000244c25a0fb0 10144       4       org.springframework.boot.context.properties.source.ConfigurationPropertyName$Elements::newResolved (32 bytes)
Event: 43112.951 Thread 0x00000244c25acec0 10145   !   3       reactor.core.publisher.LambdaMonoSubscriber::onComplete (51 bytes)
Event: 43112.951 Thread 0x00000244c25acec0 nmethod 10145 0x00000244a1398590 code [0x00000244a1398780, 0x00000244a1398ca8]
Event: 43112.953 Thread 0x00000244c25a0fb0 nmethod 10144 0x00000244a831a090 code [0x00000244a831a220, 0x00000244a831a438]
Event: 43134.249 Thread 0x00000244c25acec0 10146       3       java.util.concurrent.FutureTask::report (37 bytes)
Event: 43134.249 Thread 0x00000244c25acec0 nmethod 10146 0x00000244a1398e90 code [0x00000244a1399060, 0x00000244a1399478]
Event: 43142.976 Thread 0x00000244c25a0fb0 10147       4       java.util.TimSort::sort (229 bytes)
Event: 43143.003 Thread 0x00000244c25a0fb0 nmethod 10147 0x00000244a831a510 code [0x00000244a831a720, 0x00000244a831b880]
Event: 43143.003 Thread 0x00000244c25a0fb0 10149       4       java.lang.reflect.AccessibleObject::checkCanSetAccessible (368 bytes)
Event: 43143.057 Thread 0x00000244c25a0fb0 nmethod 10149 0x00000244a831c310 code [0x00000244a831c600, 0x00000244a831e5c0]
Event: 43143.057 Thread 0x00000244c25a0fb0 10148       4       org.springframework.boot.context.properties.bind.validation.ValidationBindHandler::onStart (23 bytes)

GC Heap History (20 events):
Event: 6.443 GC heap before
{Heap before GC invocations=5 (full 0):
 garbage-first heap   total 81920K, used 57479K [0x000000060a400000, 0x0000000800000000)
  region size 4096K, 13 young (53248K), 2 survivors (8192K)
 Metaspace       used 26646K, committed 26880K, reserved 1114112K
  class space    used 3354K, committed 3456K, reserved 1048576K
}
Event: 6.451 GC heap after
{Heap after GC invocations=6 (full 0):
 garbage-first heap   total 81920K, used 18734K [0x000000060a400000, 0x0000000800000000)
  region size 4096K, 3 young (12288K), 3 survivors (12288K)
 Metaspace       used 26646K, committed 26880K, reserved 1114112K
  class space    used 3354K, committed 3456K, reserved 1048576K
}
Event: 6.570 GC heap before
{Heap before GC invocations=6 (full 0):
 garbage-first heap   total 81920K, used 22830K [0x000000060a400000, 0x0000000800000000)
  region size 4096K, 4 young (16384K), 3 survivors (12288K)
 Metaspace       used 26855K, committed 27200K, reserved 1114112K
  class space    used 3377K, committed 3520K, reserved 1048576K
}
Event: 6.578 GC heap after
{Heap after GC invocations=7 (full 0):
 garbage-first heap   total 81920K, used 19893K [0x000000060a400000, 0x0000000800000000)
  region size 4096K, 1 young (4096K), 1 survivors (4096K)
 Metaspace       used 26855K, committed 27200K, reserved 1114112K
  class space    used 3377K, committed 3520K, reserved 1048576K
}
Event: 7.549 GC heap before
{Heap before GC invocations=7 (full 0):
 garbage-first heap   total 81920K, used 52661K [0x000000060a400000, 0x0000000800000000)
  region size 4096K, 9 young (36864K), 1 survivors (4096K)
 Metaspace       used 29737K, committed 30080K, reserved 1114112K
  class space    used 3762K, committed 3904K, reserved 1048576K
}
Event: 7.553 GC heap after
{Heap after GC invocations=8 (full 0):
 garbage-first heap   total 81920K, used 21195K [0x000000060a400000, 0x0000000800000000)
  region size 4096K, 1 young (4096K), 1 survivors (4096K)
 Metaspace       used 29737K, committed 30080K, reserved 1114112K
  class space    used 3762K, committed 3904K, reserved 1048576K
}
Event: 8.639 GC heap before
{Heap before GC invocations=8 (full 0):
 garbage-first heap   total 81920K, used 53963K [0x000000060a400000, 0x0000000800000000)
  region size 4096K, 9 young (36864K), 1 survivors (4096K)
 Metaspace       used 33550K, committed 33920K, reserved 1114112K
  class space    used 4281K, committed 4480K, reserved 1048576K
}
Event: 8.647 GC heap after
{Heap after GC invocations=9 (full 0):
 garbage-first heap   total 81920K, used 22889K [0x000000060a400000, 0x0000000800000000)
  region size 4096K, 2 young (8192K), 2 survivors (8192K)
 Metaspace       used 33550K, committed 33920K, reserved 1114112K
  class space    used 4281K, committed 4480K, reserved 1048576K
}
Event: 9.012 GC heap before
{Heap before GC invocations=9 (full 0):
 garbage-first heap   total 81920K, used 31081K [0x000000060a400000, 0x0000000800000000)
  region size 4096K, 5 young (20480K), 2 survivors (8192K)
 Metaspace       used 35561K, committed 35968K, reserved 1114112K
  class space    used 4599K, committed 4800K, reserved 1048576K
}
Event: 9.021 GC heap after
{Heap after GC invocations=10 (full 0):
 garbage-first heap   total 81920K, used 23982K [0x000000060a400000, 0x0000000800000000)
  region size 4096K, 1 young (4096K), 1 survivors (4096K)
 Metaspace       used 35561K, committed 35968K, reserved 1114112K
  class space    used 4599K, committed 4800K, reserved 1048576K
}
Event: 10.015 GC heap before
{Heap before GC invocations=11 (full 0):
 garbage-first heap   total 81920K, used 56750K [0x000000060a400000, 0x0000000800000000)
  region size 4096K, 9 young (36864K), 1 survivors (4096K)
 Metaspace       used 43178K, committed 43648K, reserved 1114112K
  class space    used 5744K, committed 5952K, reserved 1048576K
}
Event: 10.025 GC heap after
{Heap after GC invocations=12 (full 0):
 garbage-first heap   total 81920K, used 26155K [0x000000060a400000, 0x0000000800000000)
  region size 4096K, 2 young (8192K), 2 survivors (8192K)
 Metaspace       used 43178K, committed 43648K, reserved 1114112K
  class space    used 5744K, committed 5952K, reserved 1048576K
}
Event: 10.098 GC heap before
{Heap before GC invocations=12 (full 0):
 garbage-first heap   total 81920K, used 30251K [0x000000060a400000, 0x0000000800000000)
  region size 4096K, 3 young (12288K), 2 survivors (8192K)
 Metaspace       used 43483K, committed 43968K, reserved 1114112K
  class space    used 5786K, committed 6016K, reserved 1048576K
}
Event: 10.113 GC heap after
{Heap after GC invocations=13 (full 0):
 garbage-first heap   total 299008K, used 25656K [0x000000060a400000, 0x0000000800000000)
  region size 4096K, 1 young (4096K), 1 survivors (4096K)
 Metaspace       used 43483K, committed 43968K, reserved 1114112K
  class space    used 5786K, committed 6016K, reserved 1048576K
}
Event: 14.522 GC heap before
{Heap before GC invocations=13 (full 0):
 garbage-first heap   total 299008K, used 144440K [0x000000060a400000, 0x0000000800000000)
  region size 4096K, 31 young (126976K), 1 survivors (4096K)
 Metaspace       used 59688K, committed 60160K, reserved 1114112K
  class space    used 7964K, committed 8192K, reserved 1048576K
}
Event: 14.532 GC heap after
{Heap after GC invocations=14 (full 0):
 garbage-first heap   total 299008K, used 34341K [0x000000060a400000, 0x0000000800000000)
  region size 4096K, 3 young (12288K), 3 survivors (12288K)
 Metaspace       used 59688K, committed 60160K, reserved 1114112K
  class space    used 7964K, committed 8192K, reserved 1048576K
}
Event: 40761.107 GC heap before
{Heap before GC invocations=15 (full 0):
 garbage-first heap   total 163840K, used 120357K [0x000000060a400000, 0x0000000800000000)
  region size 4096K, 24 young (98304K), 3 survivors (12288K)
 Metaspace       used 68997K, committed 69632K, reserved 1114112K
  class space    used 9096K, committed 9408K, reserved 1048576K
}
Event: 40761.122 GC heap after
{Heap after GC invocations=16 (full 0):
 garbage-first heap   total 163840K, used 39433K [0x000000060a400000, 0x0000000800000000)
  region size 4096K, 2 young (8192K), 2 survivors (8192K)
 Metaspace       used 68997K, committed 69632K, reserved 1114112K
  class space    used 9096K, committed 9408K, reserved 1048576K
}
Event: 41230.524 GC heap before
{Heap before GC invocations=16 (full 0):
 garbage-first heap   total 163840K, used 43529K [0x000000060a400000, 0x0000000800000000)
  region size 4096K, 3 young (12288K), 2 survivors (8192K)
 Metaspace       used 69046K, committed 69632K, reserved 1114112K
  class space    used 9096K, committed 9408K, reserved 1048576K
}
Event: 41230.528 GC heap after
{Heap after GC invocations=17 (full 0):
 garbage-first heap   total 163840K, used 40360K [0x000000060a400000, 0x0000000800000000)
  region size 4096K, 1 young (4096K), 1 survivors (4096K)
 Metaspace       used 69046K, committed 69632K, reserved 1114112K
  class space    used 9096K, committed 9408K, reserved 1048576K
}

Dll operation events (13 events):
Event: 0.085 Loaded shared library C:\Users\russe\.jdks\corretto-17.0.13\bin\java.dll
Event: 0.108 Loaded shared library C:\Users\russe\.jdks\corretto-17.0.13\bin\jsvml.dll
Event: 0.306 Loaded shared library C:\Users\russe\.jdks\corretto-17.0.13\bin\zip.dll
Event: 0.310 Loaded shared library C:\Users\russe\.jdks\corretto-17.0.13\bin\instrument.dll
Event: 0.317 Loaded shared library C:\Users\russe\.jdks\corretto-17.0.13\bin\net.dll
Event: 0.319 Loaded shared library C:\Users\russe\.jdks\corretto-17.0.13\bin\nio.dll
Event: 0.323 Loaded shared library C:\Users\russe\.jdks\corretto-17.0.13\bin\zip.dll
Event: 1.655 Loaded shared library C:\Users\russe\.jdks\corretto-17.0.13\bin\extnet.dll
Event: 1.669 Loaded shared library C:\Users\russe\.jdks\corretto-17.0.13\bin\jimage.dll
Event: 9.454 Loaded shared library C:\Users\russe\.jdks\corretto-17.0.13\bin\sunmscapi.dll
Event: 13.100 Loaded shared library C:\Users\russe\.jdks\corretto-17.0.13\bin\management.dll
Event: 13.103 Loaded shared library C:\Users\russe\.jdks\corretto-17.0.13\bin\management_ext.dll
Event: 14.016 Loaded shared library C:\Users\russe\.jdks\corretto-17.0.13\bin\verify.dll

Deoptimization events (20 events):
Event: 42992.811 Thread 0x000002450ec94090 Uncommon trap: trap_request=0xffffffd6 fr.pc=0x00000244a831215c relative=0x000000000000103c
Event: 42992.811 Thread 0x000002450ec94090 Uncommon trap: reason=array_check action=maybe_recompile pc=0x00000244a831215c method=java.util.TimSort.reverseRange([Ljava/lang/Object;II)V @ 20 c2
Event: 42992.811 Thread 0x000002450ec94090 DEOPT PACKING pc=0x00000244a831215c sp=0x00000062666fc3a0
Event: 42992.811 Thread 0x000002450ec94090 DEOPT UNPACKING pc=0x00000244a75f69a3 sp=0x00000062666fc238 mode 2
Event: 42992.811 Thread 0x000002450ec94090 Uncommon trap: trap_request=0xffffffd6 fr.pc=0x00000244a831215c relative=0x000000000000103c
Event: 42992.811 Thread 0x000002450ec94090 Uncommon trap: reason=array_check action=maybe_recompile pc=0x00000244a831215c method=java.util.TimSort.reverseRange([Ljava/lang/Object;II)V @ 20 c2
Event: 42992.811 Thread 0x000002450ec94090 DEOPT PACKING pc=0x00000244a831215c sp=0x00000062666fc3a0
Event: 42992.811 Thread 0x000002450ec94090 DEOPT UNPACKING pc=0x00000244a75f69a3 sp=0x00000062666fc238 mode 2
Event: 42992.812 Thread 0x000002450ec94090 Uncommon trap: trap_request=0xffffffd6 fr.pc=0x00000244a831215c relative=0x000000000000103c
Event: 42992.812 Thread 0x000002450ec94090 Uncommon trap: reason=array_check action=maybe_recompile pc=0x00000244a831215c method=java.util.TimSort.reverseRange([Ljava/lang/Object;II)V @ 20 c2
Event: 42992.812 Thread 0x000002450ec94090 DEOPT PACKING pc=0x00000244a831215c sp=0x00000062666fc3a0
Event: 42992.812 Thread 0x000002450ec94090 DEOPT UNPACKING pc=0x00000244a75f69a3 sp=0x00000062666fc238 mode 2
Event: 43082.921 Thread 0x000002450ec94090 Uncommon trap: trap_request=0xffffffd6 fr.pc=0x00000244a8318494 relative=0x0000000000001174
Event: 43082.921 Thread 0x000002450ec94090 Uncommon trap: reason=array_check action=maybe_recompile pc=0x00000244a8318494 method=java.util.TimSort.reverseRange([Ljava/lang/Object;II)V @ 27 c2
Event: 43082.921 Thread 0x000002450ec94090 DEOPT PACKING pc=0x00000244a8318494 sp=0x00000062666fc3a0
Event: 43082.921 Thread 0x000002450ec94090 DEOPT UNPACKING pc=0x00000244a75f69a3 sp=0x00000062666fc238 mode 2
Event: 43082.922 Thread 0x000002450ec94090 Uncommon trap: trap_request=0xffffffd6 fr.pc=0x00000244a8318494 relative=0x0000000000001174
Event: 43082.922 Thread 0x000002450ec94090 Uncommon trap: reason=array_check action=maybe_recompile pc=0x00000244a8318494 method=java.util.TimSort.reverseRange([Ljava/lang/Object;II)V @ 27 c2
Event: 43082.922 Thread 0x000002450ec94090 DEOPT PACKING pc=0x00000244a8318494 sp=0x00000062666fc3a0
Event: 43082.922 Thread 0x000002450ec94090 DEOPT UNPACKING pc=0x00000244a75f69a3 sp=0x00000062666fc238 mode 2

Classes loaded (20 events):
Event: 21.183 Loading class java/util/concurrent/CompletableFuture$CoCompletion
Event: 21.183 Loading class java/util/concurrent/CompletableFuture$CoCompletion done
Event: 21.184 Loading class java/util/concurrent/CompletableFuture$UniHandle
Event: 21.184 Loading class java/util/concurrent/CompletableFuture$UniHandle done
Event: 21.184 Loading class java/util/concurrent/CompletableFuture$UniRelay
Event: 21.184 Loading class java/util/concurrent/CompletableFuture$UniRelay done
Event: 21.189 Loading class jdk/jfr/internal/handlers/EventHandler15549_1769457012337-40336
Event: 21.189 Loading class jdk/jfr/internal/handlers/EventHandler15549_1769457012337-40336 done
Event: 21.281 Loading class sun/reflect/annotation/TypeNotPresentExceptionProxy
Event: 21.282 Loading class sun/reflect/annotation/TypeNotPresentExceptionProxy done
Event: 23.610 Loading class java/util/concurrent/ConcurrentLinkedQueue$Itr
Event: 23.610 Loading class java/util/concurrent/ConcurrentLinkedQueue$Itr done
Event: 56.417 Loading class java/util/concurrent/ConcurrentSkipListMap$SubMap
Event: 56.418 Loading class java/util/concurrent/ConcurrentSkipListMap$SubMap done
Event: 56.418 Loading class java/util/concurrent/ConcurrentSkipListMap$Values
Event: 56.418 Loading class java/util/concurrent/ConcurrentSkipListMap$Values done
Event: 56.418 Loading class java/util/concurrent/ConcurrentSkipListMap$SubMap$SubMapValueIterator
Event: 56.418 Loading class java/util/concurrent/ConcurrentSkipListMap$SubMap$SubMapIter
Event: 56.418 Loading class java/util/concurrent/ConcurrentSkipListMap$SubMap$SubMapIter done
Event: 56.418 Loading class java/util/concurrent/ConcurrentSkipListMap$SubMap$SubMapValueIterator done

Classes unloaded (0 events):
No events

Classes redefined (0 events):
No events

Internal exceptions (20 events):
Event: 21.046 Thread 0x0000024511d2b7d0 Implicit null exception at 0x00000244a7d51475 to 0x00000244a7d51b64
Event: 21.053 Thread 0x0000024511d2b7d0 Exception <a 'java/lang/ClassNotFoundException'{0x000000061160b400}: jdk/jfr/internal/handlers/EventHandler15218_1769457012337-40336> (0x000000061160b400) 
thrown [s\src\hotspot\share\classfile\systemDictionary.cpp, line 256]
Event: 21.065 Thread 0x0000024511d2b7d0 Implicit null exception at 0x00000244a7d4a9f2 to 0x00000244a7d4b134
Event: 21.066 Thread 0x0000024511d2b7d0 Exception <a 'java/lang/ClassNotFoundException'{0x0000000611623b60}: jdk/jfr/internal/handlers/EventHandler15346_1769457012337-40336> (0x0000000611623b60) 
thrown [s\src\hotspot\share\classfile\systemDictionary.cpp, line 256]
Event: 21.137 Thread 0x0000024511d28f50 Exception <a 'java/lang/NoSuchMethodError'{0x000000061101d0f8}: 'java.lang.Object java.lang.invoke.DirectMethodHandle$Holder.invokeStaticInit(java.lang.Object, java.lang.Object, java.lang.Object, java.lang.Object, java.lang.Object, java.lang.Object)'> (0x000000061101d0f8) 
thrown [s\src\hotspot\share\interpreter\linkResolver.cpp, line 759]
Event: 21.150 Thread 0x0000024511d28f50 Exception <a 'java/lang/NoSuchMethodError'{0x00000006110712e0}: 'void java.lang.invoke.DirectMethodHandle$Holder.invokeSpecial(java.lang.Object, java.lang.Object, java.lang.Object, java.lang.Object, java.lang.Object, java.lang.Object, java.lang.Object, java.lang.Object)'> (0x00000006110712e0) 
thrown [s\src\hotspot\share\interpreter\linkResolver.cpp, line 759]
Event: 21.154 Thread 0x0000024511d28f50 Exception <a 'java/lang/ClassNotFoundException'{0x000000061108e910}: jdk/jfr/internal/handlers/EventHandler15493_1769457012337-40336> (0x000000061108e910) 
thrown [s\src\hotspot\share\classfile\systemDictionary.cpp, line 256]
Event: 21.189 Thread 0x0000024511d28f50 Exception <a 'java/lang/ClassNotFoundException'{0x000000061112ffc0}: jdk/jfr/internal/handlers/EventHandler15549_1769457012337-40336> (0x000000061112ffc0) 
thrown [s\src\hotspot\share\classfile\systemDictionary.cpp, line 256]
Event: 21.240 Thread 0x0000024511d2b7d0 Exception <a 'java/lang/NoSuchMethodError'{0x00000006112c0cd8}: 'java.lang.Object java.lang.invoke.DirectMethodHandle$Holder.newInvokeSpecial(java.lang.Object, java.lang.Object, java.lang.Object, java.lang.Object, long)'> (0x00000006112c0cd8) 
thrown [s\src\hotspot\share\interpreter\linkResolver.cpp, line 759]
Event: 21.241 Thread 0x0000024511d2b7d0 Exception <a 'java/lang/NoSuchMethodError'{0x00000006112c59b0}: 'java.lang.Object java.lang.invoke.DirectMethodHandle$Holder.invokeSpecial(java.lang.Object, java.lang.Object, java.lang.Object, java.lang.Object, java.lang.Object, long)'> (0x00000006112c59b0) 
thrown [s\src\hotspot\share\interpreter\linkResolver.cpp, line 759]
Event: 21.241 Thread 0x0000024511d2b7d0 Exception <a 'java/lang/NoSuchMethodError'{0x00000006112c9e48}: 'java.lang.Object java.lang.invoke.Invokers$Holder.linkToTargetMethod(java.lang.Object, java.lang.Object, java.lang.Object, long, java.lang.Object)'> (0x00000006112c9e48) 
thrown [s\src\hotspot\share\interpreter\linkResolver.cpp, line 759]
Event: 21.273 Thread 0x0000024511d28f50 Exception <a 'java/lang/IncompatibleClassChangeError'{0x0000000611367f80}: Found class java.lang.Object, but interface was expected> (0x0000000611367f80) 
thrown [s\src\hotspot\share\interpreter\linkResolver.cpp, line 826]
Event: 21.283 Thread 0x0000024511d28f50 Exception <a 'java/lang/reflect/InvocationTargetException'{0x00000006113bb8b0}> (0x00000006113bb8b0) 
thrown [s\src\hotspot\share\runtime\reflection.cpp, line 1128]
Event: 21.527 Thread 0x0000024511d28f50 Exception <a 'java/lang/NoSuchMethodError'{0x000000061041e4c8}: 'java.lang.Object java.lang.invoke.DirectMethodHandle$Holder.newInvokeSpecial(java.lang.Object, java.lang.Object, long, java.lang.Object)'> (0x000000061041e4c8) 
thrown [s\src\hotspot\share\interpreter\linkResolver.cpp, line 759]
Event: 21.573 Thread 0x0000024511d2d630 Exception <a 'java/lang/NoSuchMethodError'{0x000000061049ed58}: 'java.lang.Object java.lang.invoke.DirectMethodHandle$Holder.invokeStatic(java.lang.Object, java.lang.Object, java.lang.Object, int, java.lang.Object, java.lang.Object)'> (0x000000061049ed58) 
thrown [s\src\hotspot\share\interpreter\linkResolver.cpp, line 759]
Event: 21.576 Thread 0x0000024511d2d120 Exception <a 'java/lang/NoSuchMethodError'{0x000000061084e660}: 'java.lang.Object java.lang.invoke.Invokers$Holder.linkToTargetMethod(java.lang.Object, int, java.lang.Object, java.lang.Object, java.lang.Object, java.lang.Object)'> (0x000000061084e660) 
thrown [s\src\hotspot\share\interpreter\linkResolver.cpp, line 759]
Event: 21.580 Thread 0x0000024511d2d630 Exception <a 'java/lang/NoSuchMethodError'{0x00000006104b49d8}: 'java.lang.Object java.lang.invoke.DirectMethodHandle$Holder.newInvokeSpecial(java.lang.Object, java.lang.Object, java.lang.Object, java.lang.Object, int, java.lang.Object)'> (0x00000006104b49d8) 
thrown [s\src\hotspot\share\interpreter\linkResolver.cpp, line 759]
Event: 21.580 Thread 0x0000024511d2d630 Exception <a 'java/lang/NoSuchMethodError'{0x00000006104b8a58}: 'java.lang.Object java.lang.invoke.DirectMethodHandle$Holder.invokeSpecial(java.lang.Object, java.lang.Object, java.lang.Object, java.lang.Object, java.lang.Object, int, java.lang.Object)'> (0x00000006104b8a58) 
thrown [s\src\hotspot\share\interpreter\linkResolver.cpp, line 759]
Event: 21.581 Thread 0x0000024511d2d630 Exception <a 'java/lang/NoSuchMethodError'{0x00000006104bc340}: 'java.lang.Object java.lang.invoke.Invokers$Holder.linkToTargetMethod(java.lang.Object, java.lang.Object, java.lang.Object, int, java.lang.Object, java.lang.Object)'> (0x00000006104bc340) 
thrown [s\src\hotspot\share\interpreter\linkResolver.cpp, line 759]
Event: 21.670 Thread 0x0000024511d2b7d0 Exception <a 'java/lang/NoSuchMethodError'{0x00000006113132c8}: 'void java.lang.invoke.DirectMethodHandle$Holder.invokeSpecial(java.lang.Object, java.lang.Object, long)'> (0x00000006113132c8) 
thrown [s\src\hotspot\share\interpreter\linkResolver.cpp, line 759]

VM Operations (20 events):
Event: 42934.750 Executing VM operation: Cleanup
Event: 42934.750 Executing VM operation: Cleanup done
Event: 42943.830 Executing VM operation: Cleanup
Event: 42943.830 Executing VM operation: Cleanup done
Event: 42984.086 Executing VM operation: Cleanup
Event: 42984.087 Executing VM operation: Cleanup done
Event: 42993.159 Executing VM operation: Cleanup
Event: 42993.159 Executing VM operation: Cleanup done
Event: 42994.168 Executing VM operation: Cleanup
Event: 42994.168 Executing VM operation: Cleanup done
Event: 43014.298 Executing VM operation: Cleanup
Event: 43014.298 Executing VM operation: Cleanup done
Event: 43034.454 Executing VM operation: Cleanup
Event: 43034.454 Executing VM operation: Cleanup done
Event: 43054.625 Executing VM operation: Cleanup
Event: 43054.625 Executing VM operation: Cleanup done
Event: 43083.891 Executing VM operation: Cleanup
Event: 43083.891 Executing VM operation: Cleanup done
Event: 43113.054 Executing VM operation: Cleanup
Event: 43113.054 Executing VM operation: Cleanup done

Memory protections (0 events):
No events

Nmethod flushes (20 events):
Event: 20.764 Thread 0x00000244c25bd8d0 flushing  nmethod 0x00000244a0b09c10
Event: 20.764 Thread 0x00000244c25bd8d0 flushing  nmethod 0x00000244a0b0e310
Event: 20.765 Thread 0x00000244c25bd8d0 flushing  nmethod 0x00000244a0b5b990
Event: 20.765 Thread 0x00000244c25bd8d0 flushing  nmethod 0x00000244a0bd6b10
Event: 20.766 Thread 0x00000244c25bd8d0 flushing  nmethod 0x00000244a0bffd90
Event: 20.766 Thread 0x00000244c25bd8d0 flushing  nmethod 0x00000244a0c01690
Event: 20.766 Thread 0x00000244c25bd8d0 flushing  nmethod 0x00000244a0c35190
Event: 20.766 Thread 0x00000244c25bd8d0 flushing  nmethod 0x00000244a0c4ac10
Event: 20.766 Thread 0x00000244c25bd8d0 flushing  nmethod 0x00000244a0c4d610
Event: 20.766 Thread 0x00000244c25bd8d0 flushing  nmethod 0x00000244a0c4db90
Event: 20.766 Thread 0x00000244c25bd8d0 flushing  nmethod 0x00000244a0c4e990
Event: 20.766 Thread 0x00000244c25bd8d0 flushing  nmethod 0x00000244a0c5ce90
Event: 20.766 Thread 0x00000244c25bd8d0 flushing  nmethod 0x00000244a0c65c90
Event: 20.767 Thread 0x00000244c25bd8d0 flushing  nmethod 0x00000244a0c9a410
Event: 20.768 Thread 0x00000244c25bd8d0 flushing  nmethod 0x00000244a0d2a190
Event: 20.768 Thread 0x00000244c25bd8d0 flushing  nmethod 0x00000244a0dc6290
Event: 20.769 Thread 0x00000244c25bd8d0 flushing  nmethod 0x00000244a0e7d610
Event: 20.769 Thread 0x00000244c25bd8d0 flushing  nmethod 0x00000244a0e7dc10
Event: 20.769 Thread 0x00000244c25bd8d0 flushing osr nmethod 0x00000244a0e7eb10
Event: 20.769 Thread 0x00000244c25bd8d0 flushing  nmethod 0x00000244a0ea2090

Events (20 events):
Event: 41791.734 Thread 0x00000244c25acec0 Thread added: 0x000002450bccc370
Event: 41796.847 Thread 0x000002450bccc370 Thread exited: 0x000002450bccc370
Event: 41821.761 Thread 0x00000244c25acec0 Thread added: 0x000002450bccc370
Event: 41821.770 Thread 0x00000244c25acec0 Thread added: 0x000002450bcd2db0
Event: 41826.873 Thread 0x000002450bcd2db0 Thread exited: 0x000002450bcd2db0
Event: 41826.873 Thread 0x000002450bccc370 Thread exited: 0x000002450bccc370
Event: 41911.841 Thread 0x00000244c25acec0 Thread added: 0x000002450bccc370
Event: 41911.841 Thread 0x00000244c25acec0 Thread added: 0x000002450bcd2db0
Event: 41911.841 Thread 0x00000244c25acec0 Thread added: 0x000002450bcd1870
Event: 41916.963 Thread 0x000002450bcd1870 Thread exited: 0x000002450bcd1870
Event: 41916.963 Thread 0x000002450bccc370 Thread exited: 0x000002450bccc370
Event: 41916.963 Thread 0x000002450bcd2db0 Thread exited: 0x000002450bcd2db0
Event: 42272.116 Thread 0x00000244c25acec0 Thread added: 0x000002450bcd0880
Event: 42277.511 Thread 0x000002450bcd0880 Thread exited: 0x000002450bcd0880
Event: 42482.296 Thread 0x00000244c25acec0 Thread added: 0x000002450bcd3300
Event: 42482.296 Thread 0x00000244c25acec0 Thread added: 0x000002450bcd1870
Event: 42487.302 Thread 0x000002450bcd1870 Thread exited: 0x000002450bcd1870
Event: 42487.302 Thread 0x000002450bcd3300 Thread exited: 0x000002450bcd3300
Event: 42542.365 Thread 0x00000244c25a0fb0 Thread added: 0x000002450bcd0dd0
Event: 42542.933 Thread 0x000002450bcd0dd0 Thread exited: 0x000002450bcd0dd0


Dynamic libraries:
0x00007ff672d30000 - 0x00007ff672d3e000 	C:\Users\russe\.jdks\corretto-17.0.13\bin\java.exe
0x00007ff824700000 - 0x00007ff824967000 	C:\WINDOWS\SYSTEM32\ntdll.dll
0x00007ff823850000 - 0x00007ff823919000 	C:\WINDOWS\System32\KERNEL32.DLL
0x00007ff821e90000 - 0x00007ff82227f000 	C:\WINDOWS\System32\KERNELBASE.dll
0x00007ff821980000 - 0x00007ff821acb000 	C:\WINDOWS\System32\ucrtbase.dll
0x00007ff816bd0000 - 0x00007ff816be7000 	C:\Users\russe\.jdks\corretto-17.0.13\bin\jli.dll
0x00007ff815b90000 - 0x00007ff815bab000 	C:\Users\russe\.jdks\corretto-17.0.13\bin\VCRUNTIME140.dll
0x00007ff8242f0000 - 0x00007ff8244b5000 	C:\WINDOWS\System32\USER32.dll
0x00007ff821ad0000 - 0x00007ff821af7000 	C:\WINDOWS\System32\win32u.dll
0x00007ff80cc60000 - 0x00007ff80cef3000 	C:\WINDOWS\WinSxS\amd64_microsoft.windows.common-controls_6595b64144ccf1df_6.0.26100.7309_none_3e05feeae336a044\COMCTL32.dll
0x00007ff8230e0000 - 0x00007ff82310b000 	C:\WINDOWS\System32\GDI32.dll
0x00007ff8244c0000 - 0x00007ff824569000 	C:\WINDOWS\System32\msvcrt.dll
0x00007ff821850000 - 0x00007ff82197c000 	C:\WINDOWS\System32\gdi32full.dll
0x00007ff821c70000 - 0x00007ff821d13000 	C:\WINDOWS\System32\msvcp_win.dll
0x00007ff824640000 - 0x00007ff824671000 	C:\WINDOWS\System32\IMM32.DLL
0x00007ff81e0b0000 - 0x00007ff81e0bc000 	C:\Users\russe\.jdks\corretto-17.0.13\bin\vcruntime140_1.dll
0x00007ff810590000 - 0x00007ff81061d000 	C:\Users\russe\.jdks\corretto-17.0.13\bin\msvcp140.dll
0x00007fffcdf40000 - 0x00007fffcebac000 	C:\Users\russe\.jdks\corretto-17.0.13\bin\server\jvm.dll
0x00007ff822fd0000 - 0x00007ff823084000 	C:\WINDOWS\System32\ADVAPI32.dll
0x00007ff823520000 - 0x00007ff8235c6000 	C:\WINDOWS\System32\sechost.dll
0x00007ff823640000 - 0x00007ff823758000 	C:\WINDOWS\System32\RPCRT4.dll
0x00007ff8234a0000 - 0x00007ff823514000 	C:\WINDOWS\System32\WS2_32.dll
0x00007ff8216b0000 - 0x00007ff82170e000 	C:\WINDOWS\SYSTEM32\POWRPROF.dll
0x00007ff81aa40000 - 0x00007ff81aa4b000 	C:\WINDOWS\SYSTEM32\VERSION.dll
0x00007ff81a780000 - 0x00007ff81a7b5000 	C:\WINDOWS\SYSTEM32\WINMM.dll
0x00007ff821690000 - 0x00007ff8216a4000 	C:\WINDOWS\SYSTEM32\UMPDC.dll
0x00007ff820600000 - 0x00007ff82061b000 	C:\WINDOWS\SYSTEM32\kernel.appcore.dll
0x00007ff816bc0000 - 0x00007ff816bca000 	C:\Users\russe\.jdks\corretto-17.0.13\bin\jimage.dll
0x00007ff814770000 - 0x00007ff8149b2000 	C:\WINDOWS\SYSTEM32\DBGHELP.DLL
0x00007ff823110000 - 0x00007ff823495000 	C:\WINDOWS\System32\combase.dll
0x00007ff822640000 - 0x00007ff822716000 	C:\WINDOWS\System32\OLEAUT32.dll
0x00007ff8011f0000 - 0x00007ff80122c000 	C:\WINDOWS\SYSTEM32\dbgcore.DLL
0x00007ff821d20000 - 0x00007ff821dc5000 	C:\WINDOWS\System32\bcryptPrimitives.dll
0x00007ff8167a0000 - 0x00007ff8167ae000 	C:\Users\russe\.jdks\corretto-17.0.13\bin\instrument.dll
0x00007ff811510000 - 0x00007ff811535000 	C:\Users\russe\.jdks\corretto-17.0.13\bin\java.dll
0x00007fffeb730000 - 0x00007fffeb807000 	C:\Users\russe\.jdks\corretto-17.0.13\bin\jsvml.dll
0x00007ff823920000 - 0x00007ff824073000 	C:\WINDOWS\System32\SHELL32.dll
0x00007ff821b00000 - 0x00007ff821c6a000 	C:\WINDOWS\System32\wintypes.dll
0x00007ff81f430000 - 0x00007ff81fc8e000 	C:\WINDOWS\SYSTEM32\windows.storage.dll
0x00007ff822ed0000 - 0x00007ff822fc5000 	C:\WINDOWS\System32\SHCORE.dll
0x00007ff8237e0000 - 0x00007ff823846000 	C:\WINDOWS\System32\shlwapi.dll
0x00007ff821770000 - 0x00007ff821799000 	C:\WINDOWS\SYSTEM32\profapi.dll
0x00007ff810fd0000 - 0x00007ff810fe8000 	C:\Users\russe\.jdks\corretto-17.0.13\bin\zip.dll
0x00007ff8114c0000 - 0x00007ff8114d9000 	C:\Users\russe\.jdks\corretto-17.0.13\bin\net.dll
0x00007ff81a510000 - 0x00007ff81a638000 	C:\WINDOWS\SYSTEM32\WINHTTP.dll
0x00007ff820b70000 - 0x00007ff820bdb000 	C:\WINDOWS\system32\mswsock.dll
0x00007ff8110c0000 - 0x00007ff8110d6000 	C:\Users\russe\.jdks\corretto-17.0.13\bin\nio.dll
0x00007ff811490000 - 0x00007ff811499000 	C:\Users\russe\.jdks\corretto-17.0.13\bin\extnet.dll
0x00007ff8200c0000 - 0x00007ff8201ec000 	C:\WINDOWS\SYSTEM32\DNSAPI.dll
0x00007ff820080000 - 0x00007ff8200b4000 	C:\WINDOWS\SYSTEM32\IPHLPAPI.DLL
0x00007ff824570000 - 0x00007ff82457a000 	C:\WINDOWS\System32\NSI.dll
0x00007ff81a980000 - 0x00007ff81a98b000 	C:\Windows\System32\rasadhlp.dll
0x00007ff81b340000 - 0x00007ff81b3c6000 	C:\WINDOWS\System32\fwpuclnt.dll
0x00007ff81ad20000 - 0x00007ff81ad3e000 	C:\WINDOWS\SYSTEM32\dhcpcsvc6.DLL
0x00007ff81acd0000 - 0x00007ff81acf3000 	C:\WINDOWS\SYSTEM32\dhcpcsvc.DLL
0x00007ffffa8b0000 - 0x00007ffffa8c8000 	C:\WINDOWS\system32\napinsp.dll
0x00007ffff98c0000 - 0x00007ffff98d2000 	C:\WINDOWS\System32\winrnr.dll
0x00007ffff9890000 - 0x00007ffff98b2000 	C:\WINDOWS\system32\nlansp_c.dll
0x00007ff816040000 - 0x00007ff816056000 	C:\WINDOWS\system32\wshbth.dll
0x00007ff811500000 - 0x00007ff81150e000 	C:\Users\russe\.jdks\corretto-17.0.13\bin\sunmscapi.dll
0x00007ff822290000 - 0x00007ff822407000 	C:\WINDOWS\System32\CRYPT32.dll
0x00007ff821050000 - 0x00007ff821080000 	C:\WINDOWS\SYSTEM32\ncrypt.dll
0x00007ff821000000 - 0x00007ff82103f000 	C:\WINDOWS\SYSTEM32\NTASN1.dll
0x00007ff8011e0000 - 0x00007ff8011e8000 	C:\WINDOWS\system32\wshunix.dll
0x00007ff820e40000 - 0x00007ff820e5b000 	C:\WINDOWS\SYSTEM32\CRYPTSP.dll
0x00007ff820560000 - 0x00007ff82059a000 	C:\WINDOWS\system32\rsaenh.dll
0x00007ff820c20000 - 0x00007ff820c4b000 	C:\WINDOWS\SYSTEM32\USERENV.dll
0x00007ff821740000 - 0x00007ff82176a000 	C:\WINDOWS\SYSTEM32\bcrypt.dll
0x00007ff820e30000 - 0x00007ff820e3c000 	C:\WINDOWS\SYSTEM32\CRYPTBASE.dll
0x00007ff811580000 - 0x00007ff811589000 	C:\Users\russe\.jdks\corretto-17.0.13\bin\management.dll
0x00007ff810fc0000 - 0x00007ff810fcb000 	C:\Users\russe\.jdks\corretto-17.0.13\bin\management_ext.dll
0x00007ff824680000 - 0x00007ff824688000 	C:\WINDOWS\System32\PSAPI.DLL
0x00007ff8167b0000 - 0x00007ff8167c0000 	C:\Users\russe\.jdks\corretto-17.0.13\bin\verify.dll

dbghelp: loaded successfully - version: 4.0.5 - missing functions: none
symbol engine: initialized successfully - sym options: 0x614 - pdb path: .;C:\Users\russe\.jdks\corretto-17.0.13\bin;C:\WINDOWS\SYSTEM32;C:\WINDOWS\WinSxS\amd64_microsoft.windows.common-controls_6595b64144ccf1df_6.0.26100.7309_none_3e05feeae336a044;C:\Users\russe\.jdks\corretto-17.0.13\bin\server

VM Arguments:
jvm_args: -javaagent:C:\Program Files\JetBrains\IntelliJ IDEA Community Edition 2024.3.3\lib\idea_rt.jar=63245 -Dfile.encoding=UTF-8 
java_command: com.healthcare.api_gateway.ApiGatewayApplication
java_class_path (initial): C:\Users\russe\IdeaProjects\healthcare-system\api-gateway\target\classes;C:\Users\russe\.m2\repository\org\springframework\boot\spring-boot-starter-actuator\3.4.3\spring-boot-starter-actuator-3.4.3.jar;C:\Users\russe\.m2\repository\org\springframework\boot\spring-boot-starter\3.4.3\spring-boot-starter-3.4.3.jar;C:\Users\russe\.m2\repository\org\springframework\boot\spring-boot\3.4.3\spring-boot-3.4.3.jar;C:\Users\russe\.m2\repository\org\springframework\spring-context\6.2.3\spring-context-6.2.3.jar;C:\Users\russe\.m2\repository\org\springframework\spring-expression\6.2.3\spring-expression-6.2.3.jar;C:\Users\russe\.m2\repository\org\springframework\boot\spring-boot-autoconfigure\3.4.3\spring-boot-autoconfigure-3.4.3.jar;C:\Users\russe\.m2\repository\org\springframework\boot\spring-boot-starter-logging\3.4.3\spring-boot-starter-logging-3.4.3.jar;C:\Users\russe\.m2\repository\ch\qos\logback\logback-classic\1.5.16\logback-classic-1.5.16.jar;C:\Users\russe\.m2\repository\ch\qos\logback\logback-core\1.5.16\logback-core-1.5.16.jar;C:\Users\russe\.m2\repository\org\apache\logging\log4j\log4j-to-slf4j\2.24.3\log4j-to-slf4j-2.24.3.jar;C:\Users\russe\.m2\repository\org\apache\logging\log4j\log4j-api\2.24.3\log4j-api-2.24.3.jar;C:\Users\russe\.m2\repository\org\slf4j\jul-to-slf4j\2.0.16\jul-to-slf4j-2.0.16.jar;C:\Users\russe\.m2\repository\jakarta\annotation\jakarta.annotation-api\2.1.1\jakarta.annotation-api-2.1.1.jar;C:\Users\russe\.m2\repository\org\yaml\snakeyaml\2.3\snakeyaml-2.3.jar;C:\Users\russe\.m2\repository\org\springframework\boot\spring-boot-actuator-autoconfigure\3.4.3\spring-boot-actuator-autoconfigure-3.4.3.jar;C:\Users\russe\.m2\repository\org\springframework\boot\spring-boot-actuator\3.4.3\spring-boot-actuator-3.4.3.jar;C:\Users\russe\.m2\repository\com\fasterxml\jackson\datatype\jackson-datatype-jsr310\2.18.2\jackson-datatype-jsr310-2.18.2.jar;C:\Users\russe\.m2\repository\io\micrometer\micrometer-observation\1.14.4\micrometer-obs
Launcher Type: SUN_STANDARD

[Global flags]
     intx CICompilerCount                          = 12                                        {product} {ergonomic}
     uint ConcGCThreads                            = 3                                         {product} {ergonomic}
     uint G1ConcRefinementThreads                  = 13                                        {product} {ergonomic}
   size_t G1HeapRegionSize                         = 4194304                                   {product} {ergonomic}
    uintx GCDrainStackTargetSize                   = 64                                        {product} {ergonomic}
   size_t InitialHeapSize                          = 528482304                                 {product} {ergonomic}
   size_t MarkStackSize                            = 4194304                                   {product} {ergonomic}
   size_t MaxHeapSize                              = 8417968128                                {product} {ergonomic}
   size_t MaxNewSize                               = 5049942016                                {product} {ergonomic}
   size_t MinHeapDeltaBytes                        = 4194304                                   {product} {ergonomic}
   size_t MinHeapSize                              = 8388608                                   {product} {ergonomic}
    uintx NonNMethodCodeHeapSize                   = 7602480                                {pd product} {ergonomic}
    uintx NonProfiledCodeHeapSize                  = 122027880                              {pd product} {ergonomic}
    uintx ProfiledCodeHeapSize                     = 122027880                              {pd product} {ergonomic}
    uintx ReservedCodeCacheSize                    = 251658240                              {pd product} {ergonomic}
     bool SegmentedCodeCache                       = true                                      {product} {ergonomic}
   size_t SoftMaxHeapSize                          = 8417968128                             {manageable} {ergonomic}
     bool UseCompressedClassPointers               = true                           {product lp64_product} {ergonomic}
     bool UseCompressedOops                        = true                           {product lp64_product} {ergonomic}
     bool UseG1GC                                  = true                                      {product} {ergonomic}
     bool UseLargePagesIndividualAllocation        = false                                  {pd product} {ergonomic}

Logging:
Log output configuration:
 #0: stdout all=warning uptime,level,tags
 #1: stderr all=off uptime,level,tags

Environment Variables:
JAVA_HOME=C:\Program Files\Java\jdk-17
PATH=C:\Windows\system32;C:\Windows;C:\Windows\System32\Wbem;C:\Windows\System32\WindowsPowerShell\v1.0\;C:\Windows\System32\OpenSSH\;C:\Program Files (x86)\NVIDIA Corporation\PhysX\Common;C:\Program Files\NVIDIA Corporation\NVIDIA NvDLISR;C:\WINDOWS\system32;C:\WINDOWS;C:\WINDOWS\System32\Wbem;C:\WINDOWS\System32\WindowsPowerShell\v1.0\;C:\WINDOWS\System32\OpenSSH\;C:\Program Files\Git\cmd;C:\Program Files\Docker\Docker\resources\bin;C:\Program Files\nodejs\;C:\Program Files\Apache\maven\bin;C:\Program Files\Java\jdk-17\bin;C:\ngrok;C:\Program Files\dotnet\;C:\Users\russe\AppData\Local\Microsoft\WindowsApps;C:\Users\russe\AppData\Local\Programs\Microsoft VS Code\bin;C:\Users\russe\AppData\Roaming\npm;C:\Users\russe\AppData\Roaming\Programs\Zero Install;%USERPROFILE%\AppData\Local\Microsoft\WindowsApps;
USERNAME=russe
OS=Windows_NT
PROCESSOR_IDENTIFIER=AMD64 Family 25 Model 80 Stepping 0, AuthenticAMD
TMP=C:\Users\russe\AppData\Local\Temp
TEMP=C:\Users\russe\AppData\Local\Temp



Periodic native trim disabled


---------------  S Y S T E M  ---------------

OS:
 Windows 11 , 64 bit Build 26100 (10.0.26100.7309)
OS uptime: 31 days 23:42 hours
Hyper-V role detected

CPU: total 16 (initial active 16) (16 cores per cpu, 2 threads per core) family 25 model 80 stepping 0 microcode 0xa50000f, cx8, cmov, fxsr, ht, mmx, 3dnowpref, sse, sse2, sse3, ssse3, sse4a, sse4.1, sse4.2, popcnt, lzcnt, tsc, tscinvbit, avx, avx2, aes, erms, clmul, bmi1, bmi2, adx, sha, fma, vzeroupper, clflush, clflushopt, hv
Processor Information for all 16 processors :
  Max Mhz: 3201, Current Mhz: 1990, Mhz Limit: 3201

Memory: 4k page, system-wide physical 32104M (9859M free)
TotalPageFile size 130408M (AvailPageFile size 4M)
current process WorkingSet (physical memory assigned to process): 252M, peak: 445M
current process commit charge ("private bytes"): 429M, peak: 695M

vm_info: OpenJDK 64-Bit Server VM (17.0.13+11-LTS) for windows-amd64 JRE (17.0.13+11-LTS), built on Oct 10 2024 19:51:30 by "Administrator" with MS VC++ 16.10 / 16.11 (VS2019)

END.
